2023-08-16T20:40:18.801Z debug: Debug message
2023-08-16T20:40:18.807Z http: HTTP request
2023-08-16T20:40:18.808Z info: Info message
2023-08-16T20:40:18.811Z warning: Warning message
2023-08-16T20:40:18.812Z error: Error message
2023-08-16T20:41:02.158Z warning: invalid warning
2023-08-16T20:41:02.158Z info: invalid info
2023-08-22T22:41:34.809Z info: Se ha accedido a la página de inicio
2023-08-22T23:50:08.835Z info: Se ha accedido a la página de inicio
2023-08-23T02:41:45.910Z info: Se ha accedido a la página de inicio
2023-08-23T04:14:17.236Z info: Se ha accedido a la página de inicio
2023-08-24T01:08:20.183Z info: Se ha accedido a la página de inicio
2023-08-25T03:46:07.912Z info: User Registration succesful
2023-08-25T03:57:49.494Z info: User Registration succesful
2023-08-25T20:14:41.954Z info: User Registration succesful
2023-08-25T20:17:06.547Z info: User Registration succesful
2023-08-25T23:24:43.988Z info: invalid password fcurrao@gmail.com
2023-08-25T23:50:08.718Z info: invalid password fcurrao@gmail.com
2023-08-26T00:04:28.511Z info: User Registration succesful
2023-09-08T22:35:19.053Z error: error en la creación de un User
2023-09-08T22:42:08.242Z info: User Registration succesful
2023-09-10T00:05:34.485Z info: invalid password probando@mail.com
2023-09-10T00:06:19.474Z info: invalid password probando2@mail.com
2023-09-10T00:09:51.986Z info: invalid password probando2@mail.com
2023-09-10T00:11:44.584Z info: User Not Found with username (email): abue@mail.com
2023-09-19T01:05:52.151Z info: User Registration succesful
2023-09-19T01:05:57.214Z info: User Not Found with username (email): carlos.garantia@gmail.com
2023-09-19T01:05:58.861Z info: User Not Found with username (email): carlos.garantia@gmail.com
2023-09-19T01:08:49.220Z info: User Registration succesful   
2023-09-19T16:18:04.410Z info: User Not Found with username (email): cygtradeinc@gmail.com
2023-09-19T16:18:05.639Z info: User Not Found with username (email): cygtradeinc@gmail.com
2023-09-19T16:26:49.557Z info: User Registration succesful
2023-09-19T16:35:11.772Z info: User Registration succesful
2023-09-19T16:44:06.457Z info: User Registration succesful
2023-09-19T16:49:16.260Z info: User Registration succesful
2023-09-19T16:50:49.975Z info: User Registration succesful
2023-09-22T01:37:47.885Z info: User Registration succesful
2023-09-22T02:15:07.552Z info: User Registration succesful
2023-09-22T02:18:55.812Z info: User Registration succesful
2023-09-22T02:22:35.763Z info: User Registration succesful
2023-09-25T00:49:29.412Z info: User Registration successful
2023-09-25T01:35:35.227Z info: User Registration successful
2023-09-25T01:39:23.224Z info: User Registration successful
2023-09-25T01:40:19.710Z info: User Registration successful
2023-09-25T01:42:10.861Z info: User Registration successful
2023-09-25T01:43:40.766Z info: User Registration successful
2023-09-25T01:45:21.817Z info: User Registration successful
2023-09-25T01:46:13.314Z info: User Registration successful
2023-09-25T01:46:39.876Z info: User Registration successful
2023-09-25T01:48:35.664Z info: User Registration successful
2023-09-25T02:10:29.701Z info: User Registration successful
2023-09-25T02:11:09.306Z info: User Registration successful
2023-09-25T02:12:32.619Z info: User Registration successful
2023-09-25T02:14:12.512Z info: User Not Found with username (email): fcurrao@gmail.com
2023-09-25T02:14:37.177Z info: User Not Found with username (email): fcurrao@gmail.com
2023-09-25T02:14:56.583Z info: User Not Found with username (email): fcurrao@gmail.com
2023-09-25T02:15:45.972Z info: User Registration successful
2023-09-27T09:04:49.614Z info: User already exists
2023-09-27T09:05:02.117Z info: User already exists
2023-09-27T09:05:22.198Z info: User already exists
2023-09-28T08:45:10.356Z info: User Registration successful
2023-10-14T07:54:44.892Z debug: Debug message
2023-10-14T07:54:44.902Z http: HTTP request
2023-10-14T07:54:44.904Z info: Info message
2023-10-14T07:54:44.907Z warning: Warning message
2023-10-14T07:54:44.907Z error: Error message
2023-10-18T15:22:01.831Z info: User Registration successful
